2024-04-17 02:11:05	C:\xampp\htdocs\wiki\lib\tpl\kiwiki\classes\kiwiki_functions.php(9)	E_WARNING: Undefined variable $USERINFO
  #0 C:\xampp\htdocs\wiki\lib\tpl\kiwiki\classes\kiwiki_functions.php(9): dokuwiki\ErrorHandler::errorHandler(2, 'Undefined varia...', 'C:\\xampp\\htdocs...', 9)
  #1 C:\xampp\htdocs\wiki\lib\tpl\kiwiki\partial\content.php(30): Kiwiki_Functions::_edit_icon(':sidebar', Array, 'show')
  #2 C:\xampp\htdocs\wiki\lib\tpl\kiwiki\main.php(54): include('C:\\xampp\\htdocs...')
  #3 C:\xampp\htdocs\wiki\inc\actions.php(30): include('C:\\xampp\\htdocs...')
  #4 C:\xampp\htdocs\wiki\doku.php(131): act_dispatch()
  #5 {main}
2024-04-17 02:11:05	C:\xampp\htdocs\wiki\lib\tpl\kiwiki\classes\kiwiki_functions.php(9)	E_WARNING: Trying to access array offset on value of type null
  #0 C:\xampp\htdocs\wiki\lib\tpl\kiwiki\classes\kiwiki_functions.php(9): dokuwiki\ErrorHandler::errorHandler(2, 'Trying to acces...', 'C:\\xampp\\htdocs...', 9)
  #1 C:\xampp\htdocs\wiki\lib\tpl\kiwiki\partial\content.php(30): Kiwiki_Functions::_edit_icon(':sidebar', Array, 'show')
  #2 C:\xampp\htdocs\wiki\lib\tpl\kiwiki\main.php(54): include('C:\\xampp\\htdocs...')
  #3 C:\xampp\htdocs\wiki\inc\actions.php(30): include('C:\\xampp\\htdocs...')
  #4 C:\xampp\htdocs\wiki\doku.php(131): act_dispatch()
  #5 {main}
2024-04-17 02:11:05	C:\xampp\htdocs\wiki\lib\tpl\kiwiki\classes\kiwiki_functions.php(9)	E_WARNING: Undefined variable $USERINFO
  #0 C:\xampp\htdocs\wiki\lib\tpl\kiwiki\classes\kiwiki_functions.php(9): dokuwiki\ErrorHandler::errorHandler(2, 'Undefined varia...', 'C:\\xampp\\htdocs...', 9)
  #1 C:\xampp\htdocs\wiki\lib\tpl\kiwiki\partial\content.php(59): Kiwiki_Functions::_edit_icon('help', Array, 'show')
  #2 C:\xampp\htdocs\wiki\lib\tpl\kiwiki\main.php(54): include('C:\\xampp\\htdocs...')
  #3 C:\xampp\htdocs\wiki\inc\actions.php(30): include('C:\\xampp\\htdocs...')
  #4 C:\xampp\htdocs\wiki\doku.php(131): act_dispatch()
  #5 {main}
2024-04-17 02:11:05	C:\xampp\htdocs\wiki\lib\tpl\kiwiki\classes\kiwiki_functions.php(9)	E_WARNING: Trying to access array offset on value of type null
  #0 C:\xampp\htdocs\wiki\lib\tpl\kiwiki\classes\kiwiki_functions.php(9): dokuwiki\ErrorHandler::errorHandler(2, 'Trying to acces...', 'C:\\xampp\\htdocs...', 9)
  #1 C:\xampp\htdocs\wiki\lib\tpl\kiwiki\partial\content.php(59): Kiwiki_Functions::_edit_icon('help', Array, 'show')
  #2 C:\xampp\htdocs\wiki\lib\tpl\kiwiki\main.php(54): include('C:\\xampp\\htdocs...')
  #3 C:\xampp\htdocs\wiki\inc\actions.php(30): include('C:\\xampp\\htdocs...')
  #4 C:\xampp\htdocs\wiki\doku.php(131): act_dispatch()
  #5 {main}
2024-04-17 05:48:27	C:\xampp\htdocs\wiki\lib\tpl\kiwiki\classes\kiwiki_functions.php(9)	E_WARNING: Undefined variable $USERINFO
  #0 C:\xampp\htdocs\wiki\lib\tpl\kiwiki\classes\kiwiki_functions.php(9): dokuwiki\ErrorHandler::errorHandler(2, 'Undefined varia...', 'C:\\xampp\\htdocs...', 9)
  #1 C:\xampp\htdocs\wiki\lib\tpl\kiwiki\partial\content.php(30): Kiwiki_Functions::_edit_icon(':sidebar', Array, 'show')
  #2 C:\xampp\htdocs\wiki\lib\tpl\kiwiki\main.php(54): include('C:\\xampp\\htdocs...')
  #3 C:\xampp\htdocs\wiki\inc\actions.php(30): include('C:\\xampp\\htdocs...')
  #4 C:\xampp\htdocs\wiki\doku.php(131): act_dispatch()
  #5 {main}
2024-04-17 05:48:27	C:\xampp\htdocs\wiki\lib\tpl\kiwiki\classes\kiwiki_functions.php(9)	E_WARNING: Trying to access array offset on value of type null
  #0 C:\xampp\htdocs\wiki\lib\tpl\kiwiki\classes\kiwiki_functions.php(9): dokuwiki\ErrorHandler::errorHandler(2, 'Trying to acces...', 'C:\\xampp\\htdocs...', 9)
  #1 C:\xampp\htdocs\wiki\lib\tpl\kiwiki\partial\content.php(30): Kiwiki_Functions::_edit_icon(':sidebar', Array, 'show')
  #2 C:\xampp\htdocs\wiki\lib\tpl\kiwiki\main.php(54): include('C:\\xampp\\htdocs...')
  #3 C:\xampp\htdocs\wiki\inc\actions.php(30): include('C:\\xampp\\htdocs...')
  #4 C:\xampp\htdocs\wiki\doku.php(131): act_dispatch()
  #5 {main}
2024-04-17 05:48:27	C:\xampp\htdocs\wiki\lib\tpl\kiwiki\classes\kiwiki_functions.php(9)	E_WARNING: Undefined variable $USERINFO
  #0 C:\xampp\htdocs\wiki\lib\tpl\kiwiki\classes\kiwiki_functions.php(9): dokuwiki\ErrorHandler::errorHandler(2, 'Undefined varia...', 'C:\\xampp\\htdocs...', 9)
  #1 C:\xampp\htdocs\wiki\lib\tpl\kiwiki\partial\content.php(59): Kiwiki_Functions::_edit_icon('ap_study_guides...', Array, 'show')
  #2 C:\xampp\htdocs\wiki\lib\tpl\kiwiki\main.php(54): include('C:\\xampp\\htdocs...')
  #3 C:\xampp\htdocs\wiki\inc\actions.php(30): include('C:\\xampp\\htdocs...')
  #4 C:\xampp\htdocs\wiki\doku.php(131): act_dispatch()
  #5 {main}
2024-04-17 05:48:27	C:\xampp\htdocs\wiki\lib\tpl\kiwiki\classes\kiwiki_functions.php(9)	E_WARNING: Trying to access array offset on value of type null
  #0 C:\xampp\htdocs\wiki\lib\tpl\kiwiki\classes\kiwiki_functions.php(9): dokuwiki\ErrorHandler::errorHandler(2, 'Trying to acces...', 'C:\\xampp\\htdocs...', 9)
  #1 C:\xampp\htdocs\wiki\lib\tpl\kiwiki\partial\content.php(59): Kiwiki_Functions::_edit_icon('ap_study_guides...', Array, 'show')
  #2 C:\xampp\htdocs\wiki\lib\tpl\kiwiki\main.php(54): include('C:\\xampp\\htdocs...')
  #3 C:\xampp\htdocs\wiki\inc\actions.php(30): include('C:\\xampp\\htdocs...')
  #4 C:\xampp\htdocs\wiki\doku.php(131): act_dispatch()
  #5 {main}
2024-04-17 05:49:55	C:\xampp\htdocs\wiki\lib\tpl\kiwiki\classes\kiwiki_functions.php(9)	E_WARNING: Undefined variable $USERINFO
  #0 C:\xampp\htdocs\wiki\lib\tpl\kiwiki\classes\kiwiki_functions.php(9): dokuwiki\ErrorHandler::errorHandler(2, 'Undefined varia...', 'C:\\xampp\\htdocs...', 9)
  #1 C:\xampp\htdocs\wiki\lib\tpl\kiwiki\partial\content.php(59): Kiwiki_Functions::_edit_icon('ap_study_guides...', Array, 'admin')
  #2 C:\xampp\htdocs\wiki\lib\tpl\kiwiki\main.php(54): include('C:\\xampp\\htdocs...')
  #3 C:\xampp\htdocs\wiki\inc\actions.php(30): include('C:\\xampp\\htdocs...')
  #4 C:\xampp\htdocs\wiki\doku.php(131): act_dispatch()
  #5 {main}
2024-04-17 05:49:55	C:\xampp\htdocs\wiki\lib\tpl\kiwiki\classes\kiwiki_functions.php(9)	E_WARNING: Trying to access array offset on value of type null
  #0 C:\xampp\htdocs\wiki\lib\tpl\kiwiki\classes\kiwiki_functions.php(9): dokuwiki\ErrorHandler::errorHandler(2, 'Trying to acces...', 'C:\\xampp\\htdocs...', 9)
  #1 C:\xampp\htdocs\wiki\lib\tpl\kiwiki\partial\content.php(59): Kiwiki_Functions::_edit_icon('ap_study_guides...', Array, 'admin')
  #2 C:\xampp\htdocs\wiki\lib\tpl\kiwiki\main.php(54): include('C:\\xampp\\htdocs...')
  #3 C:\xampp\htdocs\wiki\inc\actions.php(30): include('C:\\xampp\\htdocs...')
  #4 C:\xampp\htdocs\wiki\doku.php(131): act_dispatch()
  #5 {main}
2024-04-17 05:49:57	C:\xampp\htdocs\wiki\lib\tpl\kiwiki\classes\kiwiki_functions.php(9)	E_WARNING: Undefined variable $USERINFO
  #0 C:\xampp\htdocs\wiki\lib\tpl\kiwiki\classes\kiwiki_functions.php(9): dokuwiki\ErrorHandler::errorHandler(2, 'Undefined varia...', 'C:\\xampp\\htdocs...', 9)
  #1 C:\xampp\htdocs\wiki\lib\tpl\kiwiki\partial\content.php(59): Kiwiki_Functions::_edit_icon('ap_study_guides...', Array, 'admin')
  #2 C:\xampp\htdocs\wiki\lib\tpl\kiwiki\main.php(54): include('C:\\xampp\\htdocs...')
  #3 C:\xampp\htdocs\wiki\inc\actions.php(30): include('C:\\xampp\\htdocs...')
  #4 C:\xampp\htdocs\wiki\doku.php(131): act_dispatch()
  #5 {main}
2024-04-17 05:49:57	C:\xampp\htdocs\wiki\lib\tpl\kiwiki\classes\kiwiki_functions.php(9)	E_WARNING: Trying to access array offset on value of type null
  #0 C:\xampp\htdocs\wiki\lib\tpl\kiwiki\classes\kiwiki_functions.php(9): dokuwiki\ErrorHandler::errorHandler(2, 'Trying to acces...', 'C:\\xampp\\htdocs...', 9)
  #1 C:\xampp\htdocs\wiki\lib\tpl\kiwiki\partial\content.php(59): Kiwiki_Functions::_edit_icon('ap_study_guides...', Array, 'admin')
  #2 C:\xampp\htdocs\wiki\lib\tpl\kiwiki\main.php(54): include('C:\\xampp\\htdocs...')
  #3 C:\xampp\htdocs\wiki\inc\actions.php(30): include('C:\\xampp\\htdocs...')
  #4 C:\xampp\htdocs\wiki\doku.php(131): act_dispatch()
  #5 {main}
2024-04-17 05:50:58	C:\xampp\htdocs\wiki\lib\tpl\kiwiki\classes\kiwiki_functions.php(9)	E_WARNING: Undefined variable $USERINFO
  #0 C:\xampp\htdocs\wiki\lib\tpl\kiwiki\classes\kiwiki_functions.php(9): dokuwiki\ErrorHandler::errorHandler(2, 'Undefined varia...', 'C:\\xampp\\htdocs...', 9)
  #1 C:\xampp\htdocs\wiki\lib\tpl\kiwiki\partial\content.php(30): Kiwiki_Functions::_edit_icon(':sidebar', Array, 'show')
  #2 C:\xampp\htdocs\wiki\lib\tpl\kiwiki\main.php(54): include('C:\\xampp\\htdocs...')
  #3 C:\xampp\htdocs\wiki\inc\actions.php(30): include('C:\\xampp\\htdocs...')
  #4 C:\xampp\htdocs\wiki\doku.php(131): act_dispatch()
  #5 {main}
2024-04-17 05:50:58	C:\xampp\htdocs\wiki\lib\tpl\kiwiki\classes\kiwiki_functions.php(9)	E_WARNING: Trying to access array offset on value of type null
  #0 C:\xampp\htdocs\wiki\lib\tpl\kiwiki\classes\kiwiki_functions.php(9): dokuwiki\ErrorHandler::errorHandler(2, 'Trying to acces...', 'C:\\xampp\\htdocs...', 9)
  #1 C:\xampp\htdocs\wiki\lib\tpl\kiwiki\partial\content.php(30): Kiwiki_Functions::_edit_icon(':sidebar', Array, 'show')
  #2 C:\xampp\htdocs\wiki\lib\tpl\kiwiki\main.php(54): include('C:\\xampp\\htdocs...')
  #3 C:\xampp\htdocs\wiki\inc\actions.php(30): include('C:\\xampp\\htdocs...')
  #4 C:\xampp\htdocs\wiki\doku.php(131): act_dispatch()
  #5 {main}
2024-04-17 05:50:58	C:\xampp\htdocs\wiki\lib\tpl\kiwiki\classes\kiwiki_functions.php(9)	E_WARNING: Undefined variable $USERINFO
  #0 C:\xampp\htdocs\wiki\lib\tpl\kiwiki\classes\kiwiki_functions.php(9): dokuwiki\ErrorHandler::errorHandler(2, 'Undefined varia...', 'C:\\xampp\\htdocs...', 9)
  #1 C:\xampp\htdocs\wiki\lib\tpl\kiwiki\partial\content.php(59): Kiwiki_Functions::_edit_icon('ap_study_guides...', Array, 'show')
  #2 C:\xampp\htdocs\wiki\lib\tpl\kiwiki\main.php(54): include('C:\\xampp\\htdocs...')
  #3 C:\xampp\htdocs\wiki\inc\actions.php(30): include('C:\\xampp\\htdocs...')
  #4 C:\xampp\htdocs\wiki\doku.php(131): act_dispatch()
  #5 {main}
2024-04-17 05:50:58	C:\xampp\htdocs\wiki\lib\tpl\kiwiki\classes\kiwiki_functions.php(9)	E_WARNING: Trying to access array offset on value of type null
  #0 C:\xampp\htdocs\wiki\lib\tpl\kiwiki\classes\kiwiki_functions.php(9): dokuwiki\ErrorHandler::errorHandler(2, 'Trying to acces...', 'C:\\xampp\\htdocs...', 9)
  #1 C:\xampp\htdocs\wiki\lib\tpl\kiwiki\partial\content.php(59): Kiwiki_Functions::_edit_icon('ap_study_guides...', Array, 'show')
  #2 C:\xampp\htdocs\wiki\lib\tpl\kiwiki\main.php(54): include('C:\\xampp\\htdocs...')
  #3 C:\xampp\htdocs\wiki\inc\actions.php(30): include('C:\\xampp\\htdocs...')
  #4 C:\xampp\htdocs\wiki\doku.php(131): act_dispatch()
  #5 {main}
2024-04-17 07:17:19	C:\xampp\htdocs\wiki\lib\tpl\kiwiki\classes\kiwiki_functions.php(9)	E_WARNING: Undefined variable $USERINFO
  #0 C:\xampp\htdocs\wiki\lib\tpl\kiwiki\classes\kiwiki_functions.php(9): dokuwiki\ErrorHandler::errorHandler(2, 'Undefined varia...', 'C:\\xampp\\htdocs...', 9)
  #1 C:\xampp\htdocs\wiki\lib\tpl\kiwiki\partial\content.php(30): Kiwiki_Functions::_edit_icon(':sidebar', Array, 'show')
  #2 C:\xampp\htdocs\wiki\lib\tpl\kiwiki\main.php(54): include('C:\\xampp\\htdocs...')
  #3 C:\xampp\htdocs\wiki\inc\actions.php(30): include('C:\\xampp\\htdocs...')
  #4 C:\xampp\htdocs\wiki\doku.php(131): act_dispatch()
  #5 {main}
2024-04-17 07:17:19	C:\xampp\htdocs\wiki\lib\tpl\kiwiki\classes\kiwiki_functions.php(9)	E_WARNING: Trying to access array offset on value of type null
  #0 C:\xampp\htdocs\wiki\lib\tpl\kiwiki\classes\kiwiki_functions.php(9): dokuwiki\ErrorHandler::errorHandler(2, 'Trying to acces...', 'C:\\xampp\\htdocs...', 9)
  #1 C:\xampp\htdocs\wiki\lib\tpl\kiwiki\partial\content.php(30): Kiwiki_Functions::_edit_icon(':sidebar', Array, 'show')
  #2 C:\xampp\htdocs\wiki\lib\tpl\kiwiki\main.php(54): include('C:\\xampp\\htdocs...')
  #3 C:\xampp\htdocs\wiki\inc\actions.php(30): include('C:\\xampp\\htdocs...')
  #4 C:\xampp\htdocs\wiki\doku.php(131): act_dispatch()
  #5 {main}
2024-04-17 07:17:19	C:\xampp\htdocs\wiki\lib\tpl\kiwiki\classes\kiwiki_functions.php(9)	E_WARNING: Undefined variable $USERINFO
  #0 C:\xampp\htdocs\wiki\lib\tpl\kiwiki\classes\kiwiki_functions.php(9): dokuwiki\ErrorHandler::errorHandler(2, 'Undefined varia...', 'C:\\xampp\\htdocs...', 9)
  #1 C:\xampp\htdocs\wiki\lib\tpl\kiwiki\partial\content.php(59): Kiwiki_Functions::_edit_icon('ap_study_guides...', Array, 'show')
  #2 C:\xampp\htdocs\wiki\lib\tpl\kiwiki\main.php(54): include('C:\\xampp\\htdocs...')
  #3 C:\xampp\htdocs\wiki\inc\actions.php(30): include('C:\\xampp\\htdocs...')
  #4 C:\xampp\htdocs\wiki\doku.php(131): act_dispatch()
  #5 {main}
2024-04-17 07:17:19	C:\xampp\htdocs\wiki\lib\tpl\kiwiki\classes\kiwiki_functions.php(9)	E_WARNING: Trying to access array offset on value of type null
  #0 C:\xampp\htdocs\wiki\lib\tpl\kiwiki\classes\kiwiki_functions.php(9): dokuwiki\ErrorHandler::errorHandler(2, 'Trying to acces...', 'C:\\xampp\\htdocs...', 9)
  #1 C:\xampp\htdocs\wiki\lib\tpl\kiwiki\partial\content.php(59): Kiwiki_Functions::_edit_icon('ap_study_guides...', Array, 'show')
  #2 C:\xampp\htdocs\wiki\lib\tpl\kiwiki\main.php(54): include('C:\\xampp\\htdocs...')
  #3 C:\xampp\htdocs\wiki\inc\actions.php(30): include('C:\\xampp\\htdocs...')
  #4 C:\xampp\htdocs\wiki\doku.php(131): act_dispatch()
  #5 {main}
2024-04-17 07:17:21	C:\xampp\htdocs\wiki\lib\tpl\kiwiki\classes\kiwiki_functions.php(9)	E_WARNING: Undefined variable $USERINFO
  #0 C:\xampp\htdocs\wiki\lib\tpl\kiwiki\classes\kiwiki_functions.php(9): dokuwiki\ErrorHandler::errorHandler(2, 'Undefined varia...', 'C:\\xampp\\htdocs...', 9)
  #1 C:\xampp\htdocs\wiki\lib\tpl\kiwiki\partial\content.php(59): Kiwiki_Functions::_edit_icon('ap_study_guides...', Array, 'admin')
  #2 C:\xampp\htdocs\wiki\lib\tpl\kiwiki\main.php(54): include('C:\\xampp\\htdocs...')
  #3 C:\xampp\htdocs\wiki\inc\actions.php(30): include('C:\\xampp\\htdocs...')
  #4 C:\xampp\htdocs\wiki\doku.php(131): act_dispatch()
  #5 {main}
2024-04-17 07:17:21	C:\xampp\htdocs\wiki\lib\tpl\kiwiki\classes\kiwiki_functions.php(9)	E_WARNING: Trying to access array offset on value of type null
  #0 C:\xampp\htdocs\wiki\lib\tpl\kiwiki\classes\kiwiki_functions.php(9): dokuwiki\ErrorHandler::errorHandler(2, 'Trying to acces...', 'C:\\xampp\\htdocs...', 9)
  #1 C:\xampp\htdocs\wiki\lib\tpl\kiwiki\partial\content.php(59): Kiwiki_Functions::_edit_icon('ap_study_guides...', Array, 'admin')
  #2 C:\xampp\htdocs\wiki\lib\tpl\kiwiki\main.php(54): include('C:\\xampp\\htdocs...')
  #3 C:\xampp\htdocs\wiki\inc\actions.php(30): include('C:\\xampp\\htdocs...')
  #4 C:\xampp\htdocs\wiki\doku.php(131): act_dispatch()
  #5 {main}
2024-04-17 07:17:24	C:\xampp\htdocs\wiki\lib\tpl\kiwiki\classes\kiwiki_functions.php(9)	E_WARNING: Undefined variable $USERINFO
  #0 C:\xampp\htdocs\wiki\lib\tpl\kiwiki\classes\kiwiki_functions.php(9): dokuwiki\ErrorHandler::errorHandler(2, 'Undefined varia...', 'C:\\xampp\\htdocs...', 9)
  #1 C:\xampp\htdocs\wiki\lib\tpl\kiwiki\partial\content.php(59): Kiwiki_Functions::_edit_icon('ap_study_guides...', Array, 'admin')
  #2 C:\xampp\htdocs\wiki\lib\tpl\kiwiki\main.php(54): include('C:\\xampp\\htdocs...')
  #3 C:\xampp\htdocs\wiki\inc\actions.php(30): include('C:\\xampp\\htdocs...')
  #4 C:\xampp\htdocs\wiki\doku.php(131): act_dispatch()
  #5 {main}
2024-04-17 07:17:24	C:\xampp\htdocs\wiki\lib\tpl\kiwiki\classes\kiwiki_functions.php(9)	E_WARNING: Trying to access array offset on value of type null
  #0 C:\xampp\htdocs\wiki\lib\tpl\kiwiki\classes\kiwiki_functions.php(9): dokuwiki\ErrorHandler::errorHandler(2, 'Trying to acces...', 'C:\\xampp\\htdocs...', 9)
  #1 C:\xampp\htdocs\wiki\lib\tpl\kiwiki\partial\content.php(59): Kiwiki_Functions::_edit_icon('ap_study_guides...', Array, 'admin')
  #2 C:\xampp\htdocs\wiki\lib\tpl\kiwiki\main.php(54): include('C:\\xampp\\htdocs...')
  #3 C:\xampp\htdocs\wiki\inc\actions.php(30): include('C:\\xampp\\htdocs...')
  #4 C:\xampp\htdocs\wiki\doku.php(131): act_dispatch()
  #5 {main}
2024-04-17 07:17:27	C:\xampp\htdocs\wiki\lib\tpl\kiwiki\classes\kiwiki_functions.php(9)	E_WARNING: Undefined variable $USERINFO
  #0 C:\xampp\htdocs\wiki\lib\tpl\kiwiki\classes\kiwiki_functions.php(9): dokuwiki\ErrorHandler::errorHandler(2, 'Undefined varia...', 'C:\\xampp\\htdocs...', 9)
  #1 C:\xampp\htdocs\wiki\lib\tpl\kiwiki\partial\content.php(59): Kiwiki_Functions::_edit_icon('ap_study_guides...', Array, 'admin')
  #2 C:\xampp\htdocs\wiki\lib\tpl\kiwiki\main.php(54): include('C:\\xampp\\htdocs...')
  #3 C:\xampp\htdocs\wiki\inc\actions.php(30): include('C:\\xampp\\htdocs...')
  #4 C:\xampp\htdocs\wiki\doku.php(131): act_dispatch()
  #5 {main}
2024-04-17 07:17:27	C:\xampp\htdocs\wiki\lib\tpl\kiwiki\classes\kiwiki_functions.php(9)	E_WARNING: Trying to access array offset on value of type null
  #0 C:\xampp\htdocs\wiki\lib\tpl\kiwiki\classes\kiwiki_functions.php(9): dokuwiki\ErrorHandler::errorHandler(2, 'Trying to acces...', 'C:\\xampp\\htdocs...', 9)
  #1 C:\xampp\htdocs\wiki\lib\tpl\kiwiki\partial\content.php(59): Kiwiki_Functions::_edit_icon('ap_study_guides...', Array, 'admin')
  #2 C:\xampp\htdocs\wiki\lib\tpl\kiwiki\main.php(54): include('C:\\xampp\\htdocs...')
  #3 C:\xampp\htdocs\wiki\inc\actions.php(30): include('C:\\xampp\\htdocs...')
  #4 C:\xampp\htdocs\wiki\doku.php(131): act_dispatch()
  #5 {main}
2024-04-17 07:18:07	C:\xampp\htdocs\wiki\lib\tpl\kiwiki\classes\kiwiki_functions.php(9)	E_WARNING: Undefined variable $USERINFO
  #0 C:\xampp\htdocs\wiki\lib\tpl\kiwiki\classes\kiwiki_functions.php(9): dokuwiki\ErrorHandler::errorHandler(2, 'Undefined varia...', 'C:\\xampp\\htdocs...', 9)
  #1 C:\xampp\htdocs\wiki\lib\tpl\kiwiki\partial\content.php(59): Kiwiki_Functions::_edit_icon('ap_study_guides...', Array, 'admin')
  #2 C:\xampp\htdocs\wiki\lib\tpl\kiwiki\main.php(54): include('C:\\xampp\\htdocs...')
  #3 C:\xampp\htdocs\wiki\inc\actions.php(30): include('C:\\xampp\\htdocs...')
  #4 C:\xampp\htdocs\wiki\doku.php(131): act_dispatch()
  #5 {main}
2024-04-17 07:18:07	C:\xampp\htdocs\wiki\lib\tpl\kiwiki\classes\kiwiki_functions.php(9)	E_WARNING: Trying to access array offset on value of type null
  #0 C:\xampp\htdocs\wiki\lib\tpl\kiwiki\classes\kiwiki_functions.php(9): dokuwiki\ErrorHandler::errorHandler(2, 'Trying to acces...', 'C:\\xampp\\htdocs...', 9)
  #1 C:\xampp\htdocs\wiki\lib\tpl\kiwiki\partial\content.php(59): Kiwiki_Functions::_edit_icon('ap_study_guides...', Array, 'admin')
  #2 C:\xampp\htdocs\wiki\lib\tpl\kiwiki\main.php(54): include('C:\\xampp\\htdocs...')
  #3 C:\xampp\htdocs\wiki\inc\actions.php(30): include('C:\\xampp\\htdocs...')
  #4 C:\xampp\htdocs\wiki\doku.php(131): act_dispatch()
  #5 {main}
2024-04-17 07:18:09	C:\xampp\htdocs\wiki\lib\tpl\kiwiki\classes\kiwiki_functions.php(9)	E_WARNING: Undefined variable $USERINFO
  #0 C:\xampp\htdocs\wiki\lib\tpl\kiwiki\classes\kiwiki_functions.php(9): dokuwiki\ErrorHandler::errorHandler(2, 'Undefined varia...', 'C:\\xampp\\htdocs...', 9)
  #1 C:\xampp\htdocs\wiki\lib\tpl\kiwiki\partial\content.php(59): Kiwiki_Functions::_edit_icon('ap_study_guides...', Array, 'admin')
  #2 C:\xampp\htdocs\wiki\lib\tpl\kiwiki\main.php(54): include('C:\\xampp\\htdocs...')
  #3 C:\xampp\htdocs\wiki\inc\actions.php(30): include('C:\\xampp\\htdocs...')
  #4 C:\xampp\htdocs\wiki\doku.php(131): act_dispatch()
  #5 {main}
2024-04-17 07:18:09	C:\xampp\htdocs\wiki\lib\tpl\kiwiki\classes\kiwiki_functions.php(9)	E_WARNING: Trying to access array offset on value of type null
  #0 C:\xampp\htdocs\wiki\lib\tpl\kiwiki\classes\kiwiki_functions.php(9): dokuwiki\ErrorHandler::errorHandler(2, 'Trying to acces...', 'C:\\xampp\\htdocs...', 9)
  #1 C:\xampp\htdocs\wiki\lib\tpl\kiwiki\partial\content.php(59): Kiwiki_Functions::_edit_icon('ap_study_guides...', Array, 'admin')
  #2 C:\xampp\htdocs\wiki\lib\tpl\kiwiki\main.php(54): include('C:\\xampp\\htdocs...')
  #3 C:\xampp\htdocs\wiki\inc\actions.php(30): include('C:\\xampp\\htdocs...')
  #4 C:\xampp\htdocs\wiki\doku.php(131): act_dispatch()
  #5 {main}
2024-04-17 07:18:18	C:\xampp\htdocs\wiki\lib\tpl\kiwiki\classes\kiwiki_functions.php(9)	E_WARNING: Undefined variable $USERINFO
  #0 C:\xampp\htdocs\wiki\lib\tpl\kiwiki\classes\kiwiki_functions.php(9): dokuwiki\ErrorHandler::errorHandler(2, 'Undefined varia...', 'C:\\xampp\\htdocs...', 9)
  #1 C:\xampp\htdocs\wiki\lib\tpl\kiwiki\partial\content.php(59): Kiwiki_Functions::_edit_icon('ap_study_guides...', Array, 'admin')
  #2 C:\xampp\htdocs\wiki\lib\tpl\kiwiki\main.php(54): include('C:\\xampp\\htdocs...')
  #3 C:\xampp\htdocs\wiki\inc\actions.php(30): include('C:\\xampp\\htdocs...')
  #4 C:\xampp\htdocs\wiki\doku.php(131): act_dispatch()
  #5 {main}
2024-04-17 07:18:18	C:\xampp\htdocs\wiki\lib\tpl\kiwiki\classes\kiwiki_functions.php(9)	E_WARNING: Trying to access array offset on value of type null
  #0 C:\xampp\htdocs\wiki\lib\tpl\kiwiki\classes\kiwiki_functions.php(9): dokuwiki\ErrorHandler::errorHandler(2, 'Trying to acces...', 'C:\\xampp\\htdocs...', 9)
  #1 C:\xampp\htdocs\wiki\lib\tpl\kiwiki\partial\content.php(59): Kiwiki_Functions::_edit_icon('ap_study_guides...', Array, 'admin')
  #2 C:\xampp\htdocs\wiki\lib\tpl\kiwiki\main.php(54): include('C:\\xampp\\htdocs...')
  #3 C:\xampp\htdocs\wiki\inc\actions.php(30): include('C:\\xampp\\htdocs...')
  #4 C:\xampp\htdocs\wiki\doku.php(131): act_dispatch()
  #5 {main}
2024-04-17 07:18:27	C:\xampp\htdocs\wiki\lib\tpl\kiwiki\classes\kiwiki_functions.php(9)	E_WARNING: Undefined variable $USERINFO
  #0 C:\xampp\htdocs\wiki\lib\tpl\kiwiki\classes\kiwiki_functions.php(9): dokuwiki\ErrorHandler::errorHandler(2, 'Undefined varia...', 'C:\\xampp\\htdocs...', 9)
  #1 C:\xampp\htdocs\wiki\lib\tpl\kiwiki\partial\content.php(59): Kiwiki_Functions::_edit_icon('ap_study_guides...', Array, 'admin')
  #2 C:\xampp\htdocs\wiki\lib\tpl\kiwiki\main.php(54): include('C:\\xampp\\htdocs...')
  #3 C:\xampp\htdocs\wiki\inc\actions.php(30): include('C:\\xampp\\htdocs...')
  #4 C:\xampp\htdocs\wiki\doku.php(131): act_dispatch()
  #5 {main}
2024-04-17 07:18:27	C:\xampp\htdocs\wiki\lib\tpl\kiwiki\classes\kiwiki_functions.php(9)	E_WARNING: Trying to access array offset on value of type null
  #0 C:\xampp\htdocs\wiki\lib\tpl\kiwiki\classes\kiwiki_functions.php(9): dokuwiki\ErrorHandler::errorHandler(2, 'Trying to acces...', 'C:\\xampp\\htdocs...', 9)
  #1 C:\xampp\htdocs\wiki\lib\tpl\kiwiki\partial\content.php(59): Kiwiki_Functions::_edit_icon('ap_study_guides...', Array, 'admin')
  #2 C:\xampp\htdocs\wiki\lib\tpl\kiwiki\main.php(54): include('C:\\xampp\\htdocs...')
  #3 C:\xampp\htdocs\wiki\inc\actions.php(30): include('C:\\xampp\\htdocs...')
  #4 C:\xampp\htdocs\wiki\doku.php(131): act_dispatch()
  #5 {main}
2024-04-17 07:18:36	C:\xampp\htdocs\wiki\lib\tpl\kiwiki\classes\kiwiki_functions.php(9)	E_WARNING: Undefined variable $USERINFO
  #0 C:\xampp\htdocs\wiki\lib\tpl\kiwiki\classes\kiwiki_functions.php(9): dokuwiki\ErrorHandler::errorHandler(2, 'Undefined varia...', 'C:\\xampp\\htdocs...', 9)
  #1 C:\xampp\htdocs\wiki\lib\tpl\kiwiki\partial\content.php(59): Kiwiki_Functions::_edit_icon('ap_study_guides...', Array, 'admin')
  #2 C:\xampp\htdocs\wiki\lib\tpl\kiwiki\main.php(54): include('C:\\xampp\\htdocs...')
  #3 C:\xampp\htdocs\wiki\inc\actions.php(30): include('C:\\xampp\\htdocs...')
  #4 C:\xampp\htdocs\wiki\doku.php(131): act_dispatch()
  #5 {main}
2024-04-17 07:18:36	C:\xampp\htdocs\wiki\lib\tpl\kiwiki\classes\kiwiki_functions.php(9)	E_WARNING: Trying to access array offset on value of type null
  #0 C:\xampp\htdocs\wiki\lib\tpl\kiwiki\classes\kiwiki_functions.php(9): dokuwiki\ErrorHandler::errorHandler(2, 'Trying to acces...', 'C:\\xampp\\htdocs...', 9)
  #1 C:\xampp\htdocs\wiki\lib\tpl\kiwiki\partial\content.php(59): Kiwiki_Functions::_edit_icon('ap_study_guides...', Array, 'admin')
  #2 C:\xampp\htdocs\wiki\lib\tpl\kiwiki\main.php(54): include('C:\\xampp\\htdocs...')
  #3 C:\xampp\htdocs\wiki\inc\actions.php(30): include('C:\\xampp\\htdocs...')
  #4 C:\xampp\htdocs\wiki\doku.php(131): act_dispatch()
  #5 {main}
2024-04-17 07:18:37	C:\xampp\htdocs\wiki\lib\tpl\kiwiki\classes\kiwiki_functions.php(9)	E_WARNING: Undefined variable $USERINFO
  #0 C:\xampp\htdocs\wiki\lib\tpl\kiwiki\classes\kiwiki_functions.php(9): dokuwiki\ErrorHandler::errorHandler(2, 'Undefined varia...', 'C:\\xampp\\htdocs...', 9)
  #1 C:\xampp\htdocs\wiki\lib\tpl\kiwiki\partial\content.php(59): Kiwiki_Functions::_edit_icon('ap_study_guides...', Array, 'admin')
  #2 C:\xampp\htdocs\wiki\lib\tpl\kiwiki\main.php(54): include('C:\\xampp\\htdocs...')
  #3 C:\xampp\htdocs\wiki\inc\actions.php(30): include('C:\\xampp\\htdocs...')
  #4 C:\xampp\htdocs\wiki\doku.php(131): act_dispatch()
  #5 {main}
2024-04-17 07:18:37	C:\xampp\htdocs\wiki\lib\tpl\kiwiki\classes\kiwiki_functions.php(9)	E_WARNING: Trying to access array offset on value of type null
  #0 C:\xampp\htdocs\wiki\lib\tpl\kiwiki\classes\kiwiki_functions.php(9): dokuwiki\ErrorHandler::errorHandler(2, 'Trying to acces...', 'C:\\xampp\\htdocs...', 9)
  #1 C:\xampp\htdocs\wiki\lib\tpl\kiwiki\partial\content.php(59): Kiwiki_Functions::_edit_icon('ap_study_guides...', Array, 'admin')
  #2 C:\xampp\htdocs\wiki\lib\tpl\kiwiki\main.php(54): include('C:\\xampp\\htdocs...')
  #3 C:\xampp\htdocs\wiki\inc\actions.php(30): include('C:\\xampp\\htdocs...')
  #4 C:\xampp\htdocs\wiki\doku.php(131): act_dispatch()
  #5 {main}
2024-04-17 07:18:39	C:\xampp\htdocs\wiki\lib\tpl\kiwiki\classes\kiwiki_functions.php(9)	E_WARNING: Undefined variable $USERINFO
  #0 C:\xampp\htdocs\wiki\lib\tpl\kiwiki\classes\kiwiki_functions.php(9): dokuwiki\ErrorHandler::errorHandler(2, 'Undefined varia...', 'C:\\xampp\\htdocs...', 9)
  #1 C:\xampp\htdocs\wiki\lib\tpl\kiwiki\partial\content.php(59): Kiwiki_Functions::_edit_icon('ap_study_guides...', Array, 'admin')
  #2 C:\xampp\htdocs\wiki\lib\tpl\kiwiki\main.php(54): include('C:\\xampp\\htdocs...')
  #3 C:\xampp\htdocs\wiki\inc\actions.php(30): include('C:\\xampp\\htdocs...')
  #4 C:\xampp\htdocs\wiki\doku.php(131): act_dispatch()
  #5 {main}
2024-04-17 07:18:39	C:\xampp\htdocs\wiki\lib\tpl\kiwiki\classes\kiwiki_functions.php(9)	E_WARNING: Trying to access array offset on value of type null
  #0 C:\xampp\htdocs\wiki\lib\tpl\kiwiki\classes\kiwiki_functions.php(9): dokuwiki\ErrorHandler::errorHandler(2, 'Trying to acces...', 'C:\\xampp\\htdocs...', 9)
  #1 C:\xampp\htdocs\wiki\lib\tpl\kiwiki\partial\content.php(59): Kiwiki_Functions::_edit_icon('ap_study_guides...', Array, 'admin')
  #2 C:\xampp\htdocs\wiki\lib\tpl\kiwiki\main.php(54): include('C:\\xampp\\htdocs...')
  #3 C:\xampp\htdocs\wiki\inc\actions.php(30): include('C:\\xampp\\htdocs...')
  #4 C:\xampp\htdocs\wiki\doku.php(131): act_dispatch()
  #5 {main}
2024-04-17 07:18:44	C:\xampp\htdocs\wiki\lib\tpl\kiwiki\classes\kiwiki_functions.php(9)	E_WARNING: Undefined variable $USERINFO
  #0 C:\xampp\htdocs\wiki\lib\tpl\kiwiki\classes\kiwiki_functions.php(9): dokuwiki\ErrorHandler::errorHandler(2, 'Undefined varia...', 'C:\\xampp\\htdocs...', 9)
  #1 C:\xampp\htdocs\wiki\lib\tpl\kiwiki\partial\content.php(59): Kiwiki_Functions::_edit_icon('ap_study_guides...', Array, 'admin')
  #2 C:\xampp\htdocs\wiki\lib\tpl\kiwiki\main.php(54): include('C:\\xampp\\htdocs...')
  #3 C:\xampp\htdocs\wiki\inc\actions.php(30): include('C:\\xampp\\htdocs...')
  #4 C:\xampp\htdocs\wiki\doku.php(131): act_dispatch()
  #5 {main}
2024-04-17 07:18:44	C:\xampp\htdocs\wiki\lib\tpl\kiwiki\classes\kiwiki_functions.php(9)	E_WARNING: Trying to access array offset on value of type null
  #0 C:\xampp\htdocs\wiki\lib\tpl\kiwiki\classes\kiwiki_functions.php(9): dokuwiki\ErrorHandler::errorHandler(2, 'Trying to acces...', 'C:\\xampp\\htdocs...', 9)
  #1 C:\xampp\htdocs\wiki\lib\tpl\kiwiki\partial\content.php(59): Kiwiki_Functions::_edit_icon('ap_study_guides...', Array, 'admin')
  #2 C:\xampp\htdocs\wiki\lib\tpl\kiwiki\main.php(54): include('C:\\xampp\\htdocs...')
  #3 C:\xampp\htdocs\wiki\inc\actions.php(30): include('C:\\xampp\\htdocs...')
  #4 C:\xampp\htdocs\wiki\doku.php(131): act_dispatch()
  #5 {main}
2024-04-17 07:18:49	C:\xampp\htdocs\wiki\lib\tpl\kiwiki\classes\kiwiki_functions.php(9)	E_WARNING: Undefined variable $USERINFO
  #0 C:\xampp\htdocs\wiki\lib\tpl\kiwiki\classes\kiwiki_functions.php(9): dokuwiki\ErrorHandler::errorHandler(2, 'Undefined varia...', 'C:\\xampp\\htdocs...', 9)
  #1 C:\xampp\htdocs\wiki\lib\tpl\kiwiki\partial\content.php(59): Kiwiki_Functions::_edit_icon('ap_study_guides...', Array, 'admin')
  #2 C:\xampp\htdocs\wiki\lib\tpl\kiwiki\main.php(54): include('C:\\xampp\\htdocs...')
  #3 C:\xampp\htdocs\wiki\inc\actions.php(30): include('C:\\xampp\\htdocs...')
  #4 C:\xampp\htdocs\wiki\doku.php(131): act_dispatch()
  #5 {main}
2024-04-17 07:18:49	C:\xampp\htdocs\wiki\lib\tpl\kiwiki\classes\kiwiki_functions.php(9)	E_WARNING: Trying to access array offset on value of type null
  #0 C:\xampp\htdocs\wiki\lib\tpl\kiwiki\classes\kiwiki_functions.php(9): dokuwiki\ErrorHandler::errorHandler(2, 'Trying to acces...', 'C:\\xampp\\htdocs...', 9)
  #1 C:\xampp\htdocs\wiki\lib\tpl\kiwiki\partial\content.php(59): Kiwiki_Functions::_edit_icon('ap_study_guides...', Array, 'admin')
  #2 C:\xampp\htdocs\wiki\lib\tpl\kiwiki\main.php(54): include('C:\\xampp\\htdocs...')
  #3 C:\xampp\htdocs\wiki\inc\actions.php(30): include('C:\\xampp\\htdocs...')
  #4 C:\xampp\htdocs\wiki\doku.php(131): act_dispatch()
  #5 {main}
2024-04-17 07:18:53	C:\xampp\htdocs\wiki\lib\tpl\kiwiki\classes\kiwiki_functions.php(9)	E_WARNING: Undefined variable $USERINFO
  #0 C:\xampp\htdocs\wiki\lib\tpl\kiwiki\classes\kiwiki_functions.php(9): dokuwiki\ErrorHandler::errorHandler(2, 'Undefined varia...', 'C:\\xampp\\htdocs...', 9)
  #1 C:\xampp\htdocs\wiki\lib\tpl\kiwiki\partial\content.php(59): Kiwiki_Functions::_edit_icon('ap_study_guides...', Array, 'admin')
  #2 C:\xampp\htdocs\wiki\lib\tpl\kiwiki\main.php(54): include('C:\\xampp\\htdocs...')
  #3 C:\xampp\htdocs\wiki\inc\actions.php(30): include('C:\\xampp\\htdocs...')
  #4 C:\xampp\htdocs\wiki\doku.php(131): act_dispatch()
  #5 {main}
2024-04-17 07:18:53	C:\xampp\htdocs\wiki\lib\tpl\kiwiki\classes\kiwiki_functions.php(9)	E_WARNING: Trying to access array offset on value of type null
  #0 C:\xampp\htdocs\wiki\lib\tpl\kiwiki\classes\kiwiki_functions.php(9): dokuwiki\ErrorHandler::errorHandler(2, 'Trying to acces...', 'C:\\xampp\\htdocs...', 9)
  #1 C:\xampp\htdocs\wiki\lib\tpl\kiwiki\partial\content.php(59): Kiwiki_Functions::_edit_icon('ap_study_guides...', Array, 'admin')
  #2 C:\xampp\htdocs\wiki\lib\tpl\kiwiki\main.php(54): include('C:\\xampp\\htdocs...')
  #3 C:\xampp\htdocs\wiki\inc\actions.php(30): include('C:\\xampp\\htdocs...')
  #4 C:\xampp\htdocs\wiki\doku.php(131): act_dispatch()
  #5 {main}
2024-04-17 07:18:57	C:\xampp\htdocs\wiki\lib\tpl\kiwiki\classes\kiwiki_functions.php(9)	E_WARNING: Undefined variable $USERINFO
  #0 C:\xampp\htdocs\wiki\lib\tpl\kiwiki\classes\kiwiki_functions.php(9): dokuwiki\ErrorHandler::errorHandler(2, 'Undefined varia...', 'C:\\xampp\\htdocs...', 9)
  #1 C:\xampp\htdocs\wiki\lib\tpl\kiwiki\partial\content.php(59): Kiwiki_Functions::_edit_icon('ap_study_guides...', Array, 'admin')
  #2 C:\xampp\htdocs\wiki\lib\tpl\kiwiki\main.php(54): include('C:\\xampp\\htdocs...')
  #3 C:\xampp\htdocs\wiki\inc\actions.php(30): include('C:\\xampp\\htdocs...')
  #4 C:\xampp\htdocs\wiki\doku.php(131): act_dispatch()
  #5 {main}
2024-04-17 07:18:57	C:\xampp\htdocs\wiki\lib\tpl\kiwiki\classes\kiwiki_functions.php(9)	E_WARNING: Trying to access array offset on value of type null
  #0 C:\xampp\htdocs\wiki\lib\tpl\kiwiki\classes\kiwiki_functions.php(9): dokuwiki\ErrorHandler::errorHandler(2, 'Trying to acces...', 'C:\\xampp\\htdocs...', 9)
  #1 C:\xampp\htdocs\wiki\lib\tpl\kiwiki\partial\content.php(59): Kiwiki_Functions::_edit_icon('ap_study_guides...', Array, 'admin')
  #2 C:\xampp\htdocs\wiki\lib\tpl\kiwiki\main.php(54): include('C:\\xampp\\htdocs...')
  #3 C:\xampp\htdocs\wiki\inc\actions.php(30): include('C:\\xampp\\htdocs...')
  #4 C:\xampp\htdocs\wiki\doku.php(131): act_dispatch()
  #5 {main}
2024-04-17 07:18:58	C:\xampp\htdocs\wiki\lib\tpl\kiwiki\classes\kiwiki_functions.php(9)	E_WARNING: Undefined variable $USERINFO
  #0 C:\xampp\htdocs\wiki\lib\tpl\kiwiki\classes\kiwiki_functions.php(9): dokuwiki\ErrorHandler::errorHandler(2, 'Undefined varia...', 'C:\\xampp\\htdocs...', 9)
  #1 C:\xampp\htdocs\wiki\lib\tpl\kiwiki\partial\content.php(59): Kiwiki_Functions::_edit_icon('ap_study_guides...', Array, 'admin')
  #2 C:\xampp\htdocs\wiki\lib\tpl\kiwiki\main.php(54): include('C:\\xampp\\htdocs...')
  #3 C:\xampp\htdocs\wiki\inc\actions.php(30): include('C:\\xampp\\htdocs...')
  #4 C:\xampp\htdocs\wiki\doku.php(131): act_dispatch()
  #5 {main}
2024-04-17 07:18:58	C:\xampp\htdocs\wiki\lib\tpl\kiwiki\classes\kiwiki_functions.php(9)	E_WARNING: Trying to access array offset on value of type null
  #0 C:\xampp\htdocs\wiki\lib\tpl\kiwiki\classes\kiwiki_functions.php(9): dokuwiki\ErrorHandler::errorHandler(2, 'Trying to acces...', 'C:\\xampp\\htdocs...', 9)
  #1 C:\xampp\htdocs\wiki\lib\tpl\kiwiki\partial\content.php(59): Kiwiki_Functions::_edit_icon('ap_study_guides...', Array, 'admin')
  #2 C:\xampp\htdocs\wiki\lib\tpl\kiwiki\main.php(54): include('C:\\xampp\\htdocs...')
  #3 C:\xampp\htdocs\wiki\inc\actions.php(30): include('C:\\xampp\\htdocs...')
  #4 C:\xampp\htdocs\wiki\doku.php(131): act_dispatch()
  #5 {main}
2024-04-17 07:19:00	C:\xampp\htdocs\wiki\lib\tpl\kiwiki\classes\kiwiki_functions.php(9)	E_WARNING: Undefined variable $USERINFO
  #0 C:\xampp\htdocs\wiki\lib\tpl\kiwiki\classes\kiwiki_functions.php(9): dokuwiki\ErrorHandler::errorHandler(2, 'Undefined varia...', 'C:\\xampp\\htdocs...', 9)
  #1 C:\xampp\htdocs\wiki\lib\tpl\kiwiki\partial\content.php(59): Kiwiki_Functions::_edit_icon('ap_study_guides...', Array, 'admin')
  #2 C:\xampp\htdocs\wiki\lib\tpl\kiwiki\main.php(54): include('C:\\xampp\\htdocs...')
  #3 C:\xampp\htdocs\wiki\inc\actions.php(30): include('C:\\xampp\\htdocs...')
  #4 C:\xampp\htdocs\wiki\doku.php(131): act_dispatch()
  #5 {main}
2024-04-17 07:19:00	C:\xampp\htdocs\wiki\lib\tpl\kiwiki\classes\kiwiki_functions.php(9)	E_WARNING: Trying to access array offset on value of type null
  #0 C:\xampp\htdocs\wiki\lib\tpl\kiwiki\classes\kiwiki_functions.php(9): dokuwiki\ErrorHandler::errorHandler(2, 'Trying to acces...', 'C:\\xampp\\htdocs...', 9)
  #1 C:\xampp\htdocs\wiki\lib\tpl\kiwiki\partial\content.php(59): Kiwiki_Functions::_edit_icon('ap_study_guides...', Array, 'admin')
  #2 C:\xampp\htdocs\wiki\lib\tpl\kiwiki\main.php(54): include('C:\\xampp\\htdocs...')
  #3 C:\xampp\htdocs\wiki\inc\actions.php(30): include('C:\\xampp\\htdocs...')
  #4 C:\xampp\htdocs\wiki\doku.php(131): act_dispatch()
  #5 {main}
2024-04-17 07:19:02	C:\xampp\htdocs\wiki\lib\tpl\kiwiki\classes\kiwiki_functions.php(9)	E_WARNING: Undefined variable $USERINFO
  #0 C:\xampp\htdocs\wiki\lib\tpl\kiwiki\classes\kiwiki_functions.php(9): dokuwiki\ErrorHandler::errorHandler(2, 'Undefined varia...', 'C:\\xampp\\htdocs...', 9)
  #1 C:\xampp\htdocs\wiki\lib\tpl\kiwiki\partial\content.php(59): Kiwiki_Functions::_edit_icon('ap_study_guides...', Array, 'admin')
  #2 C:\xampp\htdocs\wiki\lib\tpl\kiwiki\main.php(54): include('C:\\xampp\\htdocs...')
  #3 C:\xampp\htdocs\wiki\inc\actions.php(30): include('C:\\xampp\\htdocs...')
  #4 C:\xampp\htdocs\wiki\doku.php(131): act_dispatch()
  #5 {main}
2024-04-17 07:19:02	C:\xampp\htdocs\wiki\lib\tpl\kiwiki\classes\kiwiki_functions.php(9)	E_WARNING: Trying to access array offset on value of type null
  #0 C:\xampp\htdocs\wiki\lib\tpl\kiwiki\classes\kiwiki_functions.php(9): dokuwiki\ErrorHandler::errorHandler(2, 'Trying to acces...', 'C:\\xampp\\htdocs...', 9)
  #1 C:\xampp\htdocs\wiki\lib\tpl\kiwiki\partial\content.php(59): Kiwiki_Functions::_edit_icon('ap_study_guides...', Array, 'admin')
  #2 C:\xampp\htdocs\wiki\lib\tpl\kiwiki\main.php(54): include('C:\\xampp\\htdocs...')
  #3 C:\xampp\htdocs\wiki\inc\actions.php(30): include('C:\\xampp\\htdocs...')
  #4 C:\xampp\htdocs\wiki\doku.php(131): act_dispatch()
  #5 {main}
2024-04-17 07:19:09	C:\xampp\htdocs\wiki\lib\tpl\kiwiki\classes\kiwiki_functions.php(9)	E_WARNING: Undefined variable $USERINFO
  #0 C:\xampp\htdocs\wiki\lib\tpl\kiwiki\classes\kiwiki_functions.php(9): dokuwiki\ErrorHandler::errorHandler(2, 'Undefined varia...', 'C:\\xampp\\htdocs...', 9)
  #1 C:\xampp\htdocs\wiki\lib\tpl\kiwiki\partial\content.php(59): Kiwiki_Functions::_edit_icon('ap_study_guides...', Array, 'admin')
  #2 C:\xampp\htdocs\wiki\lib\tpl\kiwiki\main.php(54): include('C:\\xampp\\htdocs...')
  #3 C:\xampp\htdocs\wiki\inc\actions.php(30): include('C:\\xampp\\htdocs...')
  #4 C:\xampp\htdocs\wiki\doku.php(131): act_dispatch()
  #5 {main}
2024-04-17 07:19:09	C:\xampp\htdocs\wiki\lib\tpl\kiwiki\classes\kiwiki_functions.php(9)	E_WARNING: Trying to access array offset on value of type null
  #0 C:\xampp\htdocs\wiki\lib\tpl\kiwiki\classes\kiwiki_functions.php(9): dokuwiki\ErrorHandler::errorHandler(2, 'Trying to acces...', 'C:\\xampp\\htdocs...', 9)
  #1 C:\xampp\htdocs\wiki\lib\tpl\kiwiki\partial\content.php(59): Kiwiki_Functions::_edit_icon('ap_study_guides...', Array, 'admin')
  #2 C:\xampp\htdocs\wiki\lib\tpl\kiwiki\main.php(54): include('C:\\xampp\\htdocs...')
  #3 C:\xampp\htdocs\wiki\inc\actions.php(30): include('C:\\xampp\\htdocs...')
  #4 C:\xampp\htdocs\wiki\doku.php(131): act_dispatch()
  #5 {main}
2024-04-17 07:19:14	C:\xampp\htdocs\wiki\lib\tpl\kiwiki\classes\kiwiki_functions.php(9)	E_WARNING: Undefined variable $USERINFO
  #0 C:\xampp\htdocs\wiki\lib\tpl\kiwiki\classes\kiwiki_functions.php(9): dokuwiki\ErrorHandler::errorHandler(2, 'Undefined varia...', 'C:\\xampp\\htdocs...', 9)
  #1 C:\xampp\htdocs\wiki\lib\tpl\kiwiki\partial\content.php(59): Kiwiki_Functions::_edit_icon('ap_study_guides...', Array, 'admin')
  #2 C:\xampp\htdocs\wiki\lib\tpl\kiwiki\main.php(54): include('C:\\xampp\\htdocs...')
  #3 C:\xampp\htdocs\wiki\inc\actions.php(30): include('C:\\xampp\\htdocs...')
  #4 C:\xampp\htdocs\wiki\doku.php(131): act_dispatch()
  #5 {main}
2024-04-17 07:19:14	C:\xampp\htdocs\wiki\lib\tpl\kiwiki\classes\kiwiki_functions.php(9)	E_WARNING: Trying to access array offset on value of type null
  #0 C:\xampp\htdocs\wiki\lib\tpl\kiwiki\classes\kiwiki_functions.php(9): dokuwiki\ErrorHandler::errorHandler(2, 'Trying to acces...', 'C:\\xampp\\htdocs...', 9)
  #1 C:\xampp\htdocs\wiki\lib\tpl\kiwiki\partial\content.php(59): Kiwiki_Functions::_edit_icon('ap_study_guides...', Array, 'admin')
  #2 C:\xampp\htdocs\wiki\lib\tpl\kiwiki\main.php(54): include('C:\\xampp\\htdocs...')
  #3 C:\xampp\htdocs\wiki\inc\actions.php(30): include('C:\\xampp\\htdocs...')
  #4 C:\xampp\htdocs\wiki\doku.php(131): act_dispatch()
  #5 {main}
